[debug] > Exec(early(addDefaultCommands), None, None)
[debug] > Exec(addDefaultCommands, None, None)
[debug] > Exec(early(initialize), None, None)
[debug] > Exec(initialize, None, None)
[debug] > Exec(boot, None, None)
[debug] > Exec(writeSbtVersion, None, None)
[debug] > Exec(reload, None, None)
[debug] > Exec(sbtStashOnFailure, None, None)
[debug] > Exec(onFailure loadFailed, None, None)
[debug] > Exec(loadp, None, None)
[info] welcome to sbt 1.4.7 (Amazon.com Inc. Java 1.8.0_282)
[debug]       Load.loadUnit: plugins took 235.739607ms
[debug]       Load.loadUnit: defsScala took 0.864077ms
[debug] [Loading] Scanning directory /Users/dauzhant/.sbt/1.0/plugins
[debug] [Loading] Found non-root projects 
[debug] [Loading] Done in /Users/dauzhant/.sbt/1.0/plugins, returning: ()
[debug] deducing auto plugins based on known facts Set(Atom(sbt.plugins.CorePlugin)) and clauses Clauses(List(Clause(Atom(sbt.plugins.JvmPlugin),Set(Atom(sbt.plugins.IvyPlugin))), Clause(Atom(sbt.ScriptedPlugin),Set(Atom(sbt.plugins.JvmPlugin))), Clause(Atom(sbt.plugins.SbtPlugin),Set(Atom(sbt.ScriptedPlugin))), Clause(Atom(sbt.plugins.SemanticdbPlugin),Set(Atom(sbt.plugins.JvmPlugin))), Clause(Atom(sbt.plugins.JUnitXmlReportPlugin),Set(Atom(sbt.plugins.JvmPlugin))), Clause(Atom(sbt.plugins.MiniDependencyTreePlugin),Set(Atom(sbt.plugins.JvmPlugin))), Clause(Atom(sbt.plugins.CorePlugin),Set(Atom(sbt.plugins.IvyPlugin))), Clause(Atom(sbt.plugins.IvyPlugin),Set(Atom(sbt.plugins.JvmPlugin))), Clause(Atom(sbt.plugins.JvmPlugin),Set(Atom(sbt.plugins.SemanticdbPlugin))), Clause(Atom(sbt.plugins.JvmPlugin),Set(Atom(sbt.plugins.JUnitXmlReportPlugin))), Clause(Atom(sbt.plugins.CorePlugin),Set(Atom(sbt.plugins.Giter8TemplatePlugin))), Clause(Atom(sbt.plugins.JvmPlugin),Set(Atom(sbt.plugins.MiniDependencyTreePlugin)))))
[debug]   :: deduced result: Matched(sbt.plugins.CorePlugin,sbt.plugins.Giter8TemplatePlugin,sbt.plugins.IvyPlugin,sbt.plugins.JvmPlugin,sbt.plugins.MiniDependencyTreePlugin,sbt.plugins.JUnitXmlReportPlugin,sbt.plugins.SemanticdbPlugin)
[debug] Plugins.deducer#function took 58.060978 ms
[debug]           Load.resolveProject(global-plugins) took 382.683112ms
[debug]         Load.loadTransitive: finalizeProject(Project(id global-plugins, base: /Users/dauzhant/.sbt/1.0/plugins, plugins: List(<none>))) took 526.025661ms
[debug] [Loading] Done in /Users/dauzhant/.sbt/1.0/plugins, returning: (global-plugins)
[debug]       Load.loadUnit: loadedProjectsRaw took 586.453461ms
[debug]       Load.loadUnit: cleanEvalClasses took 0.822974ms
[debug]     Load.loadUnit(file:/Users/dauzhant/.sbt/1.0/plugins/, ...) took 852.748068ms
[debug]   Load.apply: load took 2001.36731ms
[debug]   Load.apply: resolveProjects took 28.33951ms
[debug]   Load.apply: finalTransforms took 214.538463ms
[debug]   Load.apply: config.delegates took 30.502379ms
[debug]   Load.apply: Def.make(settings)... took 1112.718972ms
[debug]   Load.apply: structureIndex took 254.697198ms
[debug]   Load.apply: mkStreams took 2.572599ms
[info] loading global plugins from /Users/dauzhant/.sbt/1.0/plugins
[debug] Running task... Cancel: Signal, check cycles: false, forcegc: true
[debug] Load.defaultLoad until apply took 7024.521699ms
[debug]           Load.loadUnit: plugins took 29.746591ms
[debug]           Load.loadUnit: defsScala took 0.005293ms
[debug] [Loading] Scanning directory /Users/dauzhant/Desktop/BackendFramework/Week5Ex/project
[debug] [Loading] Found non-root projects 
[debug] [Loading] Done in /Users/dauzhant/Desktop/BackendFramework/Week5Ex/project, returning: ()
[debug] deducing auto plugins based on known facts Set(Atom(sbt.plugins.CorePlugin)) and clauses Clauses(List(Clause(Atom(sbt.plugins.JvmPlugin),Set(Atom(sbt.plugins.IvyPlugin))), Clause(Atom(sbt.ScriptedPlugin),Set(Atom(sbt.plugins.JvmPlugin))), Clause(Atom(sbt.plugins.SbtPlugin),Set(Atom(sbt.ScriptedPlugin))), Clause(Atom(sbt.plugins.SemanticdbPlugin),Set(Atom(sbt.plugins.JvmPlugin))), Clause(Atom(sbt.plugins.JUnitXmlReportPlugin),Set(Atom(sbt.plugins.JvmPlugin))), Clause(Atom(sbt.plugins.MiniDependencyTreePlugin),Set(Atom(sbt.plugins.JvmPlugin))), Clause(Atom(sbt.plugins.CorePlugin),Set(Atom(sbt.plugins.IvyPlugin))), Clause(Atom(sbt.plugins.IvyPlugin),Set(Atom(sbt.plugins.JvmPlugin))), Clause(Atom(sbt.plugins.JvmPlugin),Set(Atom(sbt.plugins.SemanticdbPlugin))), Clause(Atom(sbt.plugins.JvmPlugin),Set(Atom(sbt.plugins.JUnitXmlReportPlugin))), Clause(Atom(sbt.plugins.CorePlugin),Set(Atom(sbt.plugins.Giter8TemplatePlugin))), Clause(Atom(sbt.plugins.JvmPlugin),Set(Atom(sbt.plugins.MiniDependencyTreePlugin)))))
[debug]   :: deduced result: Matched(sbt.plugins.CorePlugin,sbt.plugins.Giter8TemplatePlugin,sbt.plugins.IvyPlugin,sbt.plugins.JvmPlugin,sbt.plugins.MiniDependencyTreePlugin,sbt.plugins.JUnitXmlReportPlugin,sbt.plugins.SemanticdbPlugin)
[debug] Plugins.deducer#function took 2.836062 ms
[debug]               Load.resolveProject(week5ex-build) took 2.185756ms
[debug]             Load.loadTransitive: finalizeProject(Project(id week5ex-build, base: /Users/dauzhant/Desktop/BackendFramework/Week5Ex/project, plugins: List(<none>))) took 5.840298ms
[debug] [Loading] Done in /Users/dauzhant/Desktop/BackendFramework/Week5Ex/project, returning: (week5ex-build)
[debug]           Load.loadUnit: loadedProjectsRaw took 8.612045ms
[debug]           Load.loadUnit: cleanEvalClasses took 0.018063ms
[debug]         Load.loadUnit(file:/Users/dauzhant/Desktop/BackendFramework/Week5Ex/project/, ...) took 39.411222ms
[debug]       Load.apply: load took 41.165034ms
[debug]       Load.apply: resolveProjects took 0.11518ms
[debug]       Load.apply: finalTransforms took 15.442432ms
[debug]       Load.apply: config.delegates took 0.494221ms
[debug]       Load.apply: Def.make(settings)... took 116.387293ms
[debug]       Load.apply: structureIndex took 54.435663ms
[debug]       Load.apply: mkStreams took 0.002922ms
[info] loading project definition from /Users/dauzhant/Desktop/BackendFramework/Week5Ex/project
[debug] Running task... Cancel: Signal, check cycles: false, forcegc: true
[debug]     Load.loadUnit: plugins took 577.897308ms
[debug]     Load.loadUnit: defsScala took 0.010144ms
[debug] [Loading] Scanning directory /Users/dauzhant/Desktop/BackendFramework/Week5Ex
[debug]       Load.loadUnit: mkEval took 17.232561ms
[debug] [Loading] Found non-root projects 
[debug] [Loading] Done in /Users/dauzhant/Desktop/BackendFramework/Week5Ex, returning: ()
[debug] deducing auto plugins based on known facts Set(Atom(sbt.plugins.CorePlugin)) and clauses Clauses(List(Clause(Atom(sbt.plugins.JvmPlugin),Set(Atom(sbt.plugins.IvyPlugin))), Clause(Atom(sbt.ScriptedPlugin),Set(Atom(sbt.plugins.JvmPlugin))), Clause(Atom(sbt.plugins.SbtPlugin),Set(Atom(sbt.ScriptedPlugin))), Clause(Atom(sbt.plugins.SemanticdbPlugin),Set(Atom(sbt.plugins.JvmPlugin))), Clause(Atom(sbt.plugins.JUnitXmlReportPlugin),Set(Atom(sbt.plugins.JvmPlugin))), Clause(Atom(sbt.plugins.MiniDependencyTreePlugin),Set(Atom(sbt.plugins.JvmPlugin))), Clause(Atom(sbt.plugins.CorePlugin),Set(Atom(sbt.plugins.IvyPlugin))), Clause(Atom(sbt.plugins.IvyPlugin),Set(Atom(sbt.plugins.JvmPlugin))), Clause(Atom(sbt.plugins.JvmPlugin),Set(Atom(sbt.plugins.SemanticdbPlugin))), Clause(Atom(sbt.plugins.JvmPlugin),Set(Atom(sbt.plugins.JUnitXmlReportPlugin))), Clause(Atom(sbt.plugins.CorePlugin),Set(Atom(sbt.plugins.Giter8TemplatePlugin))), Clause(Atom(sbt.plugins.JvmPlugin),Set(Atom(sbt.plugins.MiniDependencyTreePlugin)))))
[debug]   :: deduced result: Matched(sbt.plugins.CorePlugin,sbt.plugins.Giter8TemplatePlugin,sbt.plugins.IvyPlugin,sbt.plugins.JvmPlugin,sbt.plugins.MiniDependencyTreePlugin,sbt.plugins.JUnitXmlReportPlugin,sbt.plugins.SemanticdbPlugin)
[debug] Plugins.deducer#function took 2.729483 ms
[info] loading settings for project week5ex from build.sbt ...
[debug]         Load.resolveProject(week5ex) took 4.236704ms
[debug]       Load.loadTransitive: finalizeProject(Project(id week5ex, base: /Users/dauzhant/Desktop/BackendFramework/Week5Ex, plugins: List(<none>))) took 7.817365ms
[debug] [Loading] Done in /Users/dauzhant/Desktop/BackendFramework/Week5Ex, returning: (week5ex)
[debug]     Load.loadUnit: loadedProjectsRaw took 307.832997ms
[debug]     Load.loadUnit: cleanEvalClasses took 7.167877ms
[debug]   Load.loadUnit(file:/Users/dauzhant/Desktop/BackendFramework/Week5Ex/, ...) took 895.039102ms
[debug] Load.apply: load took 896.469481ms
[debug] Load.apply: resolveProjects took 0.157761ms
[debug] Load.apply: finalTransforms took 11.283019ms
[debug] Load.apply: config.delegates took 0.761255ms
[debug] Load.apply: Def.make(settings)... took 136.954439ms
[debug] Load.apply: structureIndex took 37.936031ms
[debug] Load.apply: mkStreams took 0.003115ms
[info] set current project to Week5Ex (in build file:/Users/dauzhant/Desktop/BackendFramework/Week5Ex/)
[debug] > Exec(sbtPopOnFailure, None, None)
[debug] > Exec(resumeFromFailure, None, None)
[debug] > Exec(notifyUsersAboutShell, None, None)
[debug] > Exec(iflast shell, None, None)
[debug] > Exec(run, None, None)
[debug] Evaluating tasks: Compile / run
[debug] Running task... Cancel: Signal, check cycles: false, forcegc: true
[info] compiling 1 Scala source to /Users/dauzhant/Desktop/BackendFramework/Week5Ex/target/scala-2.13/classes ...
[info] done compiling
