[debug] > Exec(early(addDefaultCommands), None, None)
[debug] > Exec(addDefaultCommands, None, None)
[debug] > Exec(early(initialize), None, None)
[debug] > Exec(initialize, None, None)
[debug] > Exec(boot, None, None)
[debug] > Exec(writeSbtVersion, None, None)
[debug] > Exec(reload, None, None)
[debug] > Exec(sbtStashOnFailure, None, None)
[debug] > Exec(onFailure loadFailed, None, None)
[debug] > Exec(loadp, None, None)
[info] welcome to sbt 1.4.7 (Amazon.com Inc. Java 1.8.0_282)
[debug]       Load.loadUnit: plugins took 215.998623ms
[debug]       Load.loadUnit: defsScala took 0.475786ms
[debug] [Loading] Scanning directory /Users/dauzhant/.sbt/1.0/plugins
[debug] [Loading] Found non-root projects 
[debug] [Loading] Done in /Users/dauzhant/.sbt/1.0/plugins, returning: ()
[debug] deducing auto plugins based on known facts Set(Atom(sbt.plugins.CorePlugin)) and clauses Clauses(List(Clause(Atom(sbt.plugins.JvmPlugin),Set(Atom(sbt.plugins.IvyPlugin))), Clause(Atom(sbt.ScriptedPlugin),Set(Atom(sbt.plugins.JvmPlugin))), Clause(Atom(sbt.plugins.SbtPlugin),Set(Atom(sbt.ScriptedPlugin))), Clause(Atom(sbt.plugins.SemanticdbPlugin),Set(Atom(sbt.plugins.JvmPlugin))), Clause(Atom(sbt.plugins.JUnitXmlReportPlugin),Set(Atom(sbt.plugins.JvmPlugin))), Clause(Atom(sbt.plugins.MiniDependencyTreePlugin),Set(Atom(sbt.plugins.JvmPlugin))), Clause(Atom(sbt.plugins.CorePlugin),Set(Atom(sbt.plugins.IvyPlugin))), Clause(Atom(sbt.plugins.IvyPlugin),Set(Atom(sbt.plugins.JvmPlugin))), Clause(Atom(sbt.plugins.JvmPlugin),Set(Atom(sbt.plugins.SemanticdbPlugin))), Clause(Atom(sbt.plugins.JvmPlugin),Set(Atom(sbt.plugins.JUnitXmlReportPlugin))), Clause(Atom(sbt.plugins.CorePlugin),Set(Atom(sbt.plugins.Giter8TemplatePlugin))), Clause(Atom(sbt.plugins.JvmPlugin),Set(Atom(sbt.plugins.MiniDependencyTreePlugin)))))
[debug]   :: deduced result: Matched(sbt.plugins.CorePlugin,sbt.plugins.Giter8TemplatePlugin,sbt.plugins.IvyPlugin,sbt.plugins.JvmPlugin,sbt.plugins.MiniDependencyTreePlugin,sbt.plugins.JUnitXmlReportPlugin,sbt.plugins.SemanticdbPlugin)
[debug] Plugins.deducer#function took 37.355331 ms
[debug]           Load.resolveProject(global-plugins) took 97.141659ms
[debug]         Load.loadTransitive: finalizeProject(Project(id global-plugins, base: /Users/dauzhant/.sbt/1.0/plugins, plugins: List(<none>))) took 376.209252ms
[debug] [Loading] Done in /Users/dauzhant/.sbt/1.0/plugins, returning: (global-plugins)
[debug]       Load.loadUnit: loadedProjectsRaw took 431.96625ms
[debug]       Load.loadUnit: cleanEvalClasses took 0.502366ms
[debug]     Load.loadUnit(file:/Users/dauzhant/.sbt/1.0/plugins/, ...) took 664.61864ms
[debug]   Load.apply: load took 1157.026153ms
[debug]   Load.apply: resolveProjects took 13.452537ms
[debug]   Load.apply: finalTransforms took 96.569883ms
[debug]   Load.apply: config.delegates took 14.031604ms
[debug]   Load.apply: Def.make(settings)... took 663.98486ms
[debug]   Load.apply: structureIndex took 142.630503ms
[debug]   Load.apply: mkStreams took 2.535446ms
[info] loading global plugins from /Users/dauzhant/.sbt/1.0/plugins
[debug] Running task... Cancel: Signal, check cycles: false, forcegc: true
[debug] Load.defaultLoad until apply took 4916.008927ms
[debug]           Load.loadUnit: plugins took 19.197458ms
[debug]           Load.loadUnit: defsScala took 0.003649ms
[debug] [Loading] Scanning directory /Users/dauzhant/Desktop/BackendFramework/HwAkkaCalc/project
[debug] [Loading] Found non-root projects 
[debug] [Loading] Done in /Users/dauzhant/Desktop/BackendFramework/HwAkkaCalc/project, returning: ()
[debug] deducing auto plugins based on known facts Set(Atom(sbt.plugins.CorePlugin)) and clauses Clauses(List(Clause(Atom(sbt.plugins.JvmPlugin),Set(Atom(sbt.plugins.IvyPlugin))), Clause(Atom(sbt.ScriptedPlugin),Set(Atom(sbt.plugins.JvmPlugin))), Clause(Atom(sbt.plugins.SbtPlugin),Set(Atom(sbt.ScriptedPlugin))), Clause(Atom(sbt.plugins.SemanticdbPlugin),Set(Atom(sbt.plugins.JvmPlugin))), Clause(Atom(sbt.plugins.JUnitXmlReportPlugin),Set(Atom(sbt.plugins.JvmPlugin))), Clause(Atom(sbt.plugins.MiniDependencyTreePlugin),Set(Atom(sbt.plugins.JvmPlugin))), Clause(Atom(sbt.plugins.CorePlugin),Set(Atom(sbt.plugins.IvyPlugin))), Clause(Atom(sbt.plugins.IvyPlugin),Set(Atom(sbt.plugins.JvmPlugin))), Clause(Atom(sbt.plugins.JvmPlugin),Set(Atom(sbt.plugins.SemanticdbPlugin))), Clause(Atom(sbt.plugins.JvmPlugin),Set(Atom(sbt.plugins.JUnitXmlReportPlugin))), Clause(Atom(sbt.plugins.CorePlugin),Set(Atom(sbt.plugins.Giter8TemplatePlugin))), Clause(Atom(sbt.plugins.JvmPlugin),Set(Atom(sbt.plugins.MiniDependencyTreePlugin)))))
[debug]   :: deduced result: Matched(sbt.plugins.CorePlugin,sbt.plugins.Giter8TemplatePlugin,sbt.plugins.IvyPlugin,sbt.plugins.JvmPlugin,sbt.plugins.MiniDependencyTreePlugin,sbt.plugins.JUnitXmlReportPlugin,sbt.plugins.SemanticdbPlugin)
[debug] Plugins.deducer#function took 2.503447 ms
[debug]               Load.resolveProject(hwakkacalc-build) took 1.104021ms
[debug]             Load.loadTransitive: finalizeProject(Project(id hwakkacalc-build, base: /Users/dauzhant/Desktop/BackendFramework/HwAkkaCalc/project, plugins: List(<none>))) took 4.228336ms
[debug] [Loading] Done in /Users/dauzhant/Desktop/BackendFramework/HwAkkaCalc/project, returning: (hwakkacalc-build)
[debug]           Load.loadUnit: loadedProjectsRaw took 6.34993ms
[debug]           Load.loadUnit: cleanEvalClasses took 0.027053ms
[debug]         Load.loadUnit(file:/Users/dauzhant/Desktop/BackendFramework/HwAkkaCalc/project/, ...) took 26.460557ms
[debug]       Load.apply: load took 28.589698ms
[debug]       Load.apply: resolveProjects took 0.111482ms
[debug]       Load.apply: finalTransforms took 12.703794ms
[debug]       Load.apply: config.delegates took 0.595317ms
[debug]       Load.apply: Def.make(settings)... took 119.041611ms
[debug]       Load.apply: structureIndex took 40.362168ms
[debug]       Load.apply: mkStreams took 0.003613ms
[info] loading project definition from /Users/dauzhant/Desktop/BackendFramework/HwAkkaCalc/project
[debug] Running task... Cancel: Signal, check cycles: false, forcegc: true
[debug]     Load.loadUnit: plugins took 456.054052ms
[debug]     Load.loadUnit: defsScala took 0.005664ms
[debug] [Loading] Scanning directory /Users/dauzhant/Desktop/BackendFramework/HwAkkaCalc
[debug]       Load.loadUnit: mkEval took 10.500367ms
[debug] [Loading] Found non-root projects 
[debug] [Loading] Done in /Users/dauzhant/Desktop/BackendFramework/HwAkkaCalc, returning: ()
[debug] deducing auto plugins based on known facts Set(Atom(sbt.plugins.CorePlugin)) and clauses Clauses(List(Clause(Atom(sbt.plugins.JvmPlugin),Set(Atom(sbt.plugins.IvyPlugin))), Clause(Atom(sbt.ScriptedPlugin),Set(Atom(sbt.plugins.JvmPlugin))), Clause(Atom(sbt.plugins.SbtPlugin),Set(Atom(sbt.ScriptedPlugin))), Clause(Atom(sbt.plugins.SemanticdbPlugin),Set(Atom(sbt.plugins.JvmPlugin))), Clause(Atom(sbt.plugins.JUnitXmlReportPlugin),Set(Atom(sbt.plugins.JvmPlugin))), Clause(Atom(sbt.plugins.MiniDependencyTreePlugin),Set(Atom(sbt.plugins.JvmPlugin))), Clause(Atom(sbt.plugins.CorePlugin),Set(Atom(sbt.plugins.IvyPlugin))), Clause(Atom(sbt.plugins.IvyPlugin),Set(Atom(sbt.plugins.JvmPlugin))), Clause(Atom(sbt.plugins.JvmPlugin),Set(Atom(sbt.plugins.SemanticdbPlugin))), Clause(Atom(sbt.plugins.JvmPlugin),Set(Atom(sbt.plugins.JUnitXmlReportPlugin))), Clause(Atom(sbt.plugins.CorePlugin),Set(Atom(sbt.plugins.Giter8TemplatePlugin))), Clause(Atom(sbt.plugins.JvmPlugin),Set(Atom(sbt.plugins.MiniDependencyTreePlugin)))))
[debug]   :: deduced result: Matched(sbt.plugins.CorePlugin,sbt.plugins.Giter8TemplatePlugin,sbt.plugins.IvyPlugin,sbt.plugins.JvmPlugin,sbt.plugins.MiniDependencyTreePlugin,sbt.plugins.JUnitXmlReportPlugin,sbt.plugins.SemanticdbPlugin)
[debug] Plugins.deducer#function took 3.119816 ms
[info] loading settings for project hwakkacalc from build.sbt ...
[debug]         Load.resolveProject(hwakkacalc) took 4.34837ms
[debug]       Load.loadTransitive: finalizeProject(Project(id hwakkacalc, base: /Users/dauzhant/Desktop/BackendFramework/HwAkkaCalc, plugins: List(<none>))) took 8.488132ms
[debug] [Loading] Done in /Users/dauzhant/Desktop/BackendFramework/HwAkkaCalc, returning: (hwakkacalc)
[debug]     Load.loadUnit: loadedProjectsRaw took 233.422775ms
[debug]     Load.loadUnit: cleanEvalClasses took 7.381557ms
[debug]   Load.loadUnit(file:/Users/dauzhant/Desktop/BackendFramework/HwAkkaCalc/, ...) took 698.207288ms
[debug] Load.apply: load took 700.097569ms
[debug] Load.apply: resolveProjects took 0.17608ms
[debug] Load.apply: finalTransforms took 12.90517ms
[debug] Load.apply: config.delegates took 0.481382ms
[debug] Load.apply: Def.make(settings)... took 165.458324ms
[debug] Load.apply: structureIndex took 32.543155ms
[debug] Load.apply: mkStreams took 0.005691ms
[info] set current project to HwAkkaCalc (in build file:/Users/dauzhant/Desktop/BackendFramework/HwAkkaCalc/)
[debug] > Exec(sbtPopOnFailure, None, None)
[debug] > Exec(resumeFromFailure, None, None)
[debug] > Exec(notifyUsersAboutShell, None, None)
[debug] > Exec(iflast shell, None, None)
[debug] > Exec(run, None, None)
[debug] Evaluating tasks: Compile / run
[debug] Running task... Cancel: Signal, check cycles: false, forcegc: true
[info] compiling 2 Scala sources to /Users/dauzhant/Desktop/BackendFramework/HwAkkaCalc/target/scala-2.13/classes ...
[warn] 1 deprecation (since 2.13.3); re-run with -deprecation for details
[warn] one warning found
[info] done compiling
