[debug] > Exec(early(addDefaultCommands), None, None)
[debug] > Exec(addDefaultCommands, None, None)
[debug] > Exec(early(initialize), None, None)
[debug] > Exec(initialize, None, None)
[debug] > Exec(boot, None, None)
[debug] > Exec(writeSbtVersion, None, None)
[debug] > Exec(reload, None, None)
[debug] > Exec(sbtStashOnFailure, None, None)
[debug] > Exec(onFailure loadFailed, None, None)
[debug] > Exec(loadp, None, None)
[info] welcome to sbt 1.4.7 (Amazon.com Inc. Java 1.8.0_282)
[debug]       Load.loadUnit: plugins took 223.308408ms
[debug]       Load.loadUnit: defsScala took 0.673446ms
[debug] [Loading] Scanning directory /Users/dauzhant/.sbt/1.0/plugins
[debug] [Loading] Found non-root projects 
[debug] [Loading] Done in /Users/dauzhant/.sbt/1.0/plugins, returning: ()
[debug] deducing auto plugins based on known facts Set(Atom(sbt.plugins.CorePlugin)) and clauses Clauses(List(Clause(Atom(sbt.plugins.JvmPlugin),Set(Atom(sbt.plugins.IvyPlugin))), Clause(Atom(sbt.ScriptedPlugin),Set(Atom(sbt.plugins.JvmPlugin))), Clause(Atom(sbt.plugins.SbtPlugin),Set(Atom(sbt.ScriptedPlugin))), Clause(Atom(sbt.plugins.SemanticdbPlugin),Set(Atom(sbt.plugins.JvmPlugin))), Clause(Atom(sbt.plugins.JUnitXmlReportPlugin),Set(Atom(sbt.plugins.JvmPlugin))), Clause(Atom(sbt.plugins.MiniDependencyTreePlugin),Set(Atom(sbt.plugins.JvmPlugin))), Clause(Atom(sbt.plugins.CorePlugin),Set(Atom(sbt.plugins.IvyPlugin))), Clause(Atom(sbt.plugins.IvyPlugin),Set(Atom(sbt.plugins.JvmPlugin))), Clause(Atom(sbt.plugins.JvmPlugin),Set(Atom(sbt.plugins.SemanticdbPlugin))), Clause(Atom(sbt.plugins.JvmPlugin),Set(Atom(sbt.plugins.JUnitXmlReportPlugin))), Clause(Atom(sbt.plugins.CorePlugin),Set(Atom(sbt.plugins.Giter8TemplatePlugin))), Clause(Atom(sbt.plugins.JvmPlugin),Set(Atom(sbt.plugins.MiniDependencyTreePlugin)))))
[debug]   :: deduced result: Matched(sbt.plugins.CorePlugin,sbt.plugins.Giter8TemplatePlugin,sbt.plugins.IvyPlugin,sbt.plugins.JvmPlugin,sbt.plugins.MiniDependencyTreePlugin,sbt.plugins.JUnitXmlReportPlugin,sbt.plugins.SemanticdbPlugin)
[debug] Plugins.deducer#function took 42.111546 ms
[debug]           Load.resolveProject(global-plugins) took 84.961226ms
[debug]         Load.loadTransitive: finalizeProject(Project(id global-plugins, base: /Users/dauzhant/.sbt/1.0/plugins, plugins: List(<none>))) took 183.909665ms
[debug] [Loading] Done in /Users/dauzhant/.sbt/1.0/plugins, returning: (global-plugins)
[debug]       Load.loadUnit: loadedProjectsRaw took 434.581404ms
[debug]       Load.loadUnit: cleanEvalClasses took 0.506443ms
[debug]     Load.loadUnit(file:/Users/dauzhant/.sbt/1.0/plugins/, ...) took 675.032726ms
[debug]   Load.apply: load took 1191.817872ms
[debug]   Load.apply: resolveProjects took 11.187047ms
[debug]   Load.apply: finalTransforms took 94.684591ms
[debug]   Load.apply: config.delegates took 11.184875ms
[debug]   Load.apply: Def.make(settings)... took 645.701585ms
[debug]   Load.apply: structureIndex took 137.505875ms
[debug]   Load.apply: mkStreams took 2.445881ms
[info] loading global plugins from /Users/dauzhant/.sbt/1.0/plugins
[debug] Running task... Cancel: Signal, check cycles: false, forcegc: true
[debug] Load.defaultLoad until apply took 5091.164426ms
[debug]           Load.loadUnit: plugins took 22.22225ms
[debug]           Load.loadUnit: defsScala took 0.004457ms
[debug] [Loading] Scanning directory /Users/dauzhant/Desktop/BackendFramework/HwAkkaCalc/project
[debug] [Loading] Found non-root projects 
[debug] [Loading] Done in /Users/dauzhant/Desktop/BackendFramework/HwAkkaCalc/project, returning: ()
[debug] deducing auto plugins based on known facts Set(Atom(sbt.plugins.CorePlugin)) and clauses Clauses(List(Clause(Atom(sbt.plugins.JvmPlugin),Set(Atom(sbt.plugins.IvyPlugin))), Clause(Atom(sbt.ScriptedPlugin),Set(Atom(sbt.plugins.JvmPlugin))), Clause(Atom(sbt.plugins.SbtPlugin),Set(Atom(sbt.ScriptedPlugin))), Clause(Atom(sbt.plugins.SemanticdbPlugin),Set(Atom(sbt.plugins.JvmPlugin))), Clause(Atom(sbt.plugins.JUnitXmlReportPlugin),Set(Atom(sbt.plugins.JvmPlugin))), Clause(Atom(sbt.plugins.MiniDependencyTreePlugin),Set(Atom(sbt.plugins.JvmPlugin))), Clause(Atom(sbt.plugins.CorePlugin),Set(Atom(sbt.plugins.IvyPlugin))), Clause(Atom(sbt.plugins.IvyPlugin),Set(Atom(sbt.plugins.JvmPlugin))), Clause(Atom(sbt.plugins.JvmPlugin),Set(Atom(sbt.plugins.SemanticdbPlugin))), Clause(Atom(sbt.plugins.JvmPlugin),Set(Atom(sbt.plugins.JUnitXmlReportPlugin))), Clause(Atom(sbt.plugins.CorePlugin),Set(Atom(sbt.plugins.Giter8TemplatePlugin))), Clause(Atom(sbt.plugins.JvmPlugin),Set(Atom(sbt.plugins.MiniDependencyTreePlugin)))))
[debug]   :: deduced result: Matched(sbt.plugins.CorePlugin,sbt.plugins.Giter8TemplatePlugin,sbt.plugins.IvyPlugin,sbt.plugins.JvmPlugin,sbt.plugins.MiniDependencyTreePlugin,sbt.plugins.JUnitXmlReportPlugin,sbt.plugins.SemanticdbPlugin)
[debug] Plugins.deducer#function took 2.227528 ms
[debug]               Load.resolveProject(hwakkacalc-build) took 1.079298ms
[debug]             Load.loadTransitive: finalizeProject(Project(id hwakkacalc-build, base: /Users/dauzhant/Desktop/BackendFramework/HwAkkaCalc/project, plugins: List(<none>))) took 3.850074ms
[debug] [Loading] Done in /Users/dauzhant/Desktop/BackendFramework/HwAkkaCalc/project, returning: (hwakkacalc-build)
[debug]           Load.loadUnit: loadedProjectsRaw took 5.75927ms
[debug]           Load.loadUnit: cleanEvalClasses took 0.012445ms
[debug]         Load.loadUnit(file:/Users/dauzhant/Desktop/BackendFramework/HwAkkaCalc/project/, ...) took 28.903295ms
[debug]       Load.apply: load took 30.649277ms
[debug]       Load.apply: resolveProjects took 0.109296ms
[debug]       Load.apply: finalTransforms took 13.557836ms
[debug]       Load.apply: config.delegates took 0.537769ms
[debug]       Load.apply: Def.make(settings)... took 106.854323ms
[debug]       Load.apply: structureIndex took 35.897206ms
[debug]       Load.apply: mkStreams took 0.003264ms
[info] loading project definition from /Users/dauzhant/Desktop/BackendFramework/HwAkkaCalc/project
[debug] Running task... Cancel: Signal, check cycles: false, forcegc: true
[debug]     Load.loadUnit: plugins took 401.023907ms
[debug]     Load.loadUnit: defsScala took 0.004564ms
[debug] [Loading] Scanning directory /Users/dauzhant/Desktop/BackendFramework/HwAkkaCalc
[debug]       Load.loadUnit: mkEval took 9.415134ms
[debug] [Loading] Found non-root projects 
[debug] [Loading] Done in /Users/dauzhant/Desktop/BackendFramework/HwAkkaCalc, returning: ()
[debug] deducing auto plugins based on known facts Set(Atom(sbt.plugins.CorePlugin)) and clauses Clauses(List(Clause(Atom(sbt.plugins.JvmPlugin),Set(Atom(sbt.plugins.IvyPlugin))), Clause(Atom(sbt.ScriptedPlugin),Set(Atom(sbt.plugins.JvmPlugin))), Clause(Atom(sbt.plugins.SbtPlugin),Set(Atom(sbt.ScriptedPlugin))), Clause(Atom(sbt.plugins.SemanticdbPlugin),Set(Atom(sbt.plugins.JvmPlugin))), Clause(Atom(sbt.plugins.JUnitXmlReportPlugin),Set(Atom(sbt.plugins.JvmPlugin))), Clause(Atom(sbt.plugins.MiniDependencyTreePlugin),Set(Atom(sbt.plugins.JvmPlugin))), Clause(Atom(sbt.plugins.CorePlugin),Set(Atom(sbt.plugins.IvyPlugin))), Clause(Atom(sbt.plugins.IvyPlugin),Set(Atom(sbt.plugins.JvmPlugin))), Clause(Atom(sbt.plugins.JvmPlugin),Set(Atom(sbt.plugins.SemanticdbPlugin))), Clause(Atom(sbt.plugins.JvmPlugin),Set(Atom(sbt.plugins.JUnitXmlReportPlugin))), Clause(Atom(sbt.plugins.CorePlugin),Set(Atom(sbt.plugins.Giter8TemplatePlugin))), Clause(Atom(sbt.plugins.JvmPlugin),Set(Atom(sbt.plugins.MiniDependencyTreePlugin)))))
[debug]   :: deduced result: Matched(sbt.plugins.CorePlugin,sbt.plugins.Giter8TemplatePlugin,sbt.plugins.IvyPlugin,sbt.plugins.JvmPlugin,sbt.plugins.MiniDependencyTreePlugin,sbt.plugins.JUnitXmlReportPlugin,sbt.plugins.SemanticdbPlugin)
[debug] Plugins.deducer#function took 3.851446 ms
[info] loading settings for project hwakkacalc from build.sbt ...
[debug]         Load.resolveProject(hwakkacalc) took 4.545312ms
[debug]       Load.loadTransitive: finalizeProject(Project(id hwakkacalc, base: /Users/dauzhant/Desktop/BackendFramework/HwAkkaCalc, plugins: List(<none>))) took 9.242636ms
[debug] [Loading] Done in /Users/dauzhant/Desktop/BackendFramework/HwAkkaCalc, returning: (hwakkacalc)
[debug]     Load.loadUnit: loadedProjectsRaw took 236.591586ms
[debug]     Load.loadUnit: cleanEvalClasses took 8.298811ms
[debug]   Load.loadUnit(file:/Users/dauzhant/Desktop/BackendFramework/HwAkkaCalc/, ...) took 647.098319ms
[debug] Load.apply: load took 649.135316ms
[debug] Load.apply: resolveProjects took 0.146959ms
[debug] Load.apply: finalTransforms took 10.615686ms
[debug] Load.apply: config.delegates took 0.454069ms
[debug] Load.apply: Def.make(settings)... took 131.633792ms
[debug] Load.apply: structureIndex took 27.299858ms
[debug] Load.apply: mkStreams took 0.003364ms
[info] set current project to HwAkkaCalc (in build file:/Users/dauzhant/Desktop/BackendFramework/HwAkkaCalc/)
[debug] > Exec(sbtPopOnFailure, None, None)
[debug] > Exec(resumeFromFailure, None, None)
[debug] > Exec(notifyUsersAboutShell, None, None)
[debug] > Exec(iflast shell, None, None)
[debug] > Exec(run, None, None)
[debug] Evaluating tasks: Compile / run
[debug] Running task... Cancel: Signal, check cycles: false, forcegc: true
[info] compiling 2 Scala sources to /Users/dauzhant/Desktop/BackendFramework/HwAkkaCalc/target/scala-2.13/classes ...
[warn] 1 deprecation (since 2.13.3); re-run with -deprecation for details
[warn] one warning found
[info] done compiling
