[debug] > Exec(early(addDefaultCommands), None, None)
[debug] > Exec(addDefaultCommands, None, None)
[debug] > Exec(early(initialize), None, None)
[debug] > Exec(initialize, None, None)
[debug] > Exec(boot, None, None)
[debug] > Exec(writeSbtVersion, None, None)
[debug] > Exec(reload, None, None)
[debug] > Exec(sbtStashOnFailure, None, None)
[debug] > Exec(onFailure loadFailed, None, None)
[debug] > Exec(loadp, None, None)
[info] welcome to sbt 1.4.7 (Amazon.com Inc. Java 1.8.0_282)
[debug]       Load.loadUnit: plugins took 224.115184ms
[debug]       Load.loadUnit: defsScala took 0.638612ms
[debug] [Loading] Scanning directory /Users/dauzhant/.sbt/1.0/plugins
[debug] [Loading] Found non-root projects 
[debug] [Loading] Done in /Users/dauzhant/.sbt/1.0/plugins, returning: ()
[debug] deducing auto plugins based on known facts Set(Atom(sbt.plugins.CorePlugin)) and clauses Clauses(List(Clause(Atom(sbt.plugins.JvmPlugin),Set(Atom(sbt.plugins.IvyPlugin))), Clause(Atom(sbt.ScriptedPlugin),Set(Atom(sbt.plugins.JvmPlugin))), Clause(Atom(sbt.plugins.SbtPlugin),Set(Atom(sbt.ScriptedPlugin))), Clause(Atom(sbt.plugins.SemanticdbPlugin),Set(Atom(sbt.plugins.JvmPlugin))), Clause(Atom(sbt.plugins.JUnitXmlReportPlugin),Set(Atom(sbt.plugins.JvmPlugin))), Clause(Atom(sbt.plugins.MiniDependencyTreePlugin),Set(Atom(sbt.plugins.JvmPlugin))), Clause(Atom(sbt.plugins.CorePlugin),Set(Atom(sbt.plugins.IvyPlugin))), Clause(Atom(sbt.plugins.IvyPlugin),Set(Atom(sbt.plugins.JvmPlugin))), Clause(Atom(sbt.plugins.JvmPlugin),Set(Atom(sbt.plugins.SemanticdbPlugin))), Clause(Atom(sbt.plugins.JvmPlugin),Set(Atom(sbt.plugins.JUnitXmlReportPlugin))), Clause(Atom(sbt.plugins.CorePlugin),Set(Atom(sbt.plugins.Giter8TemplatePlugin))), Clause(Atom(sbt.plugins.JvmPlugin),Set(Atom(sbt.plugins.MiniDependencyTreePlugin)))))
[debug]   :: deduced result: Matched(sbt.plugins.CorePlugin,sbt.plugins.Giter8TemplatePlugin,sbt.plugins.IvyPlugin,sbt.plugins.JvmPlugin,sbt.plugins.MiniDependencyTreePlugin,sbt.plugins.JUnitXmlReportPlugin,sbt.plugins.SemanticdbPlugin)
[debug] Plugins.deducer#function took 47.794868 ms
[debug]           Load.resolveProject(global-plugins) took 112.204706ms
[debug]         Load.loadTransitive: finalizeProject(Project(id global-plugins, base: /Users/dauzhant/.sbt/1.0/plugins, plugins: List(<none>))) took 733.862599ms
[debug] [Loading] Done in /Users/dauzhant/.sbt/1.0/plugins, returning: (global-plugins)
[debug]       Load.loadUnit: loadedProjectsRaw took 807.251091ms
[debug]       Load.loadUnit: cleanEvalClasses took 1.036198ms
[debug]     Load.loadUnit(file:/Users/dauzhant/.sbt/1.0/plugins/, ...) took 1048.630101ms
[debug]   Load.apply: load took 1641.911083ms
[debug]   Load.apply: resolveProjects took 12.183473ms
[debug]   Load.apply: finalTransforms took 103.873445ms
[debug]   Load.apply: config.delegates took 13.636711ms
[debug]   Load.apply: Def.make(settings)... took 916.465005ms
[debug]   Load.apply: structureIndex took 165.092806ms
[debug]   Load.apply: mkStreams took 2.259839ms
[info] loading global plugins from /Users/dauzhant/.sbt/1.0/plugins
[debug] Running task... Cancel: Signal, check cycles: false, forcegc: true
[debug] Load.defaultLoad until apply took 5729.247979ms
[debug]           Load.loadUnit: plugins took 30.209088ms
[debug]           Load.loadUnit: defsScala took 0.010789ms
[debug] [Loading] Scanning directory /Users/dauzhant/Desktop/BackendFramework/normAkkaCalcul/project
[debug] [Loading] Found non-root projects 
[debug] [Loading] Done in /Users/dauzhant/Desktop/BackendFramework/normAkkaCalcul/project, returning: ()
[debug] deducing auto plugins based on known facts Set(Atom(sbt.plugins.CorePlugin)) and clauses Clauses(List(Clause(Atom(sbt.plugins.JvmPlugin),Set(Atom(sbt.plugins.IvyPlugin))), Clause(Atom(sbt.ScriptedPlugin),Set(Atom(sbt.plugins.JvmPlugin))), Clause(Atom(sbt.plugins.SbtPlugin),Set(Atom(sbt.ScriptedPlugin))), Clause(Atom(sbt.plugins.SemanticdbPlugin),Set(Atom(sbt.plugins.JvmPlugin))), Clause(Atom(sbt.plugins.JUnitXmlReportPlugin),Set(Atom(sbt.plugins.JvmPlugin))), Clause(Atom(sbt.plugins.MiniDependencyTreePlugin),Set(Atom(sbt.plugins.JvmPlugin))), Clause(Atom(sbt.plugins.CorePlugin),Set(Atom(sbt.plugins.IvyPlugin))), Clause(Atom(sbt.plugins.IvyPlugin),Set(Atom(sbt.plugins.JvmPlugin))), Clause(Atom(sbt.plugins.JvmPlugin),Set(Atom(sbt.plugins.SemanticdbPlugin))), Clause(Atom(sbt.plugins.JvmPlugin),Set(Atom(sbt.plugins.JUnitXmlReportPlugin))), Clause(Atom(sbt.plugins.CorePlugin),Set(Atom(sbt.plugins.Giter8TemplatePlugin))), Clause(Atom(sbt.plugins.JvmPlugin),Set(Atom(sbt.plugins.MiniDependencyTreePlugin)))))
[debug]   :: deduced result: Matched(sbt.plugins.CorePlugin,sbt.plugins.Giter8TemplatePlugin,sbt.plugins.IvyPlugin,sbt.plugins.JvmPlugin,sbt.plugins.MiniDependencyTreePlugin,sbt.plugins.JUnitXmlReportPlugin,sbt.plugins.SemanticdbPlugin)
[debug] Plugins.deducer#function took 3.346176 ms
[debug]               Load.resolveProject(normakkacalcul-build) took 1.925332ms
[debug]             Load.loadTransitive: finalizeProject(Project(id normakkacalcul-build, base: /Users/dauzhant/Desktop/BackendFramework/normAkkaCalcul/project, plugins: List(<none>))) took 6.125995ms
[debug] [Loading] Done in /Users/dauzhant/Desktop/BackendFramework/normAkkaCalcul/project, returning: (normakkacalcul-build)
[debug]           Load.loadUnit: loadedProjectsRaw took 9.154253ms
[debug]           Load.loadUnit: cleanEvalClasses took 0.039324ms
[debug]         Load.loadUnit(file:/Users/dauzhant/Desktop/BackendFramework/normAkkaCalcul/project/, ...) took 40.988705ms
[debug]       Load.apply: load took 42.846041ms
[debug]       Load.apply: resolveProjects took 0.160868ms
[debug]       Load.apply: finalTransforms took 13.667568ms
[debug]       Load.apply: config.delegates took 0.625358ms
[debug]       Load.apply: Def.make(settings)... took 141.888487ms
[debug]       Load.apply: structureIndex took 45.341808ms
[debug]       Load.apply: mkStreams took 0.002841ms
[info] loading project definition from /Users/dauzhant/Desktop/BackendFramework/normAkkaCalcul/project
[debug] Running task... Cancel: Signal, check cycles: false, forcegc: true
[debug]     Load.loadUnit: plugins took 500.414974ms
[debug]     Load.loadUnit: defsScala took 0.004144ms
[debug] [Loading] Scanning directory /Users/dauzhant/Desktop/BackendFramework/normAkkaCalcul
[debug]       Load.loadUnit: mkEval took 15.882053ms
